{"name":"MongoNetworkError","message":"failed to connect to server [localhost:27017] on first connect [MongoNetworkError: connect ECONNREFUSED 127.0.0.1:27017]","errorLabels":["TransientTransactionError"],"level":"error"}
{"name":"MongoNetworkError","message":"failed to connect to server [localhost:27017] on first connect [MongoNetworkError: connect ECONNREFUSED 127.0.0.1:27017]","errorLabels":["TransientTransactionError"],"level":"error"}
{"message":"Listening on port 3000...","level":"info"}
{"message":"Listening on port 3000...","level":"info"}
{"message":"Listening on port 3000...","level":"info"}
{"message":"Listening on port 3000...","level":"info"}
{"message":"connected to vidly database","level":"info"}
{"message":"connected to vidly database","level":"info"}
{"message":"Listening on port 3000...","level":"info"}
{"message":"Listening on port 3000...","level":"info"}
{"message":"connected to mongodb://localhost:27017/vidly...","level":"info"}
{"message":"connected to mongodb://localhost:27017/vidly...","level":"info"}
{"message":"connected to mongodb://localhost:27017/vidly...","level":"info"}
{"message":"connected to mongodb://localhost:27017/vidly...","level":"info"}
{"message":"Listening on port 3000...","level":"info"}
{"message":"Listening on port 3000...","level":"info"}
{"message":"Listening on port 3000...","level":"info"}
{"message":"Listening on port 3000...","level":"info"}
{"message":"Listening on port 3000...","level":"info"}
{"message":"Listening on port 3000...","level":"info"}
{"message":"Listening on port 3000...","level":"info"}
{"message":"Listening on port 3000...","level":"info"}
{"message":"Listening on port 3000...","level":"info"}
{"message":"Listening on port 3000...","level":"info"}
{"message":"Listening on port 3000...","level":"info"}
{"message":"Listening on port 3000...","level":"info"}
{"message":"Listening on port 3000...","level":"info"}
{"message":"Listening on port 3000...","level":"info"}
{"level":"error","message":"Could not get the genres"}
{"level":"error","message":"Could not get the genres"}
{"message":"Listening on port 3000...","level":"info"}
{"message":"Listening on port 3000...","level":"info"}
{"message":"Listening on port 3000...","level":"info"}
{"message":"Listening on port 3000...","level":"info"}
{"message":"Listening on port 3000...","level":"info"}
{"message":"Listening on port 3000...","level":"info"}
{"level":"error","message":"Could not get the genres"}
{"level":"error","message":"Could not get the genres"}
{"message":"Listening on port 3000...","level":"info"}
{"message":"Listening on port 3000...","level":"info"}
{"level":"error","message":"Could not get the genres"}
{"level":"error","message":"Could not get the genres"}
{"message":"Listening on port 3000...","level":"info"}
{"message":"Listening on port 3000...","level":"info"}
{"message":"Listening on port 3000...","level":"info"}
{"message":"Listening on port 3000...","level":"info"}
{"message":"Listening on port 3000...","level":"info"}
{"message":"Listening on port 3000...","level":"info"}
{"message":"Listening on port 3000...","level":"info"}
{"message":"Listening on port 3000...","level":"info"}
{"level":"error","message":"Could not get the genres"}
{"level":"error","message":"Could not get the genres"}
{"message":"Listening on port 3000...","level":"info"}
{"message":"Listening on port 3000...","level":"info"}
{"level":"error","message":"Could not get the genres"}
{"level":"error","message":"Could not get the genres"}
{"message":"Listening on port 3000...","level":"info"}
{"message":"Listening on port 3000...","level":"info"}
{"level":"error","message":"Could not get the genres"}
{"level":"error","message":"Could not get the genres"}
{"message":"Listening on port 3000...","level":"info"}
{"message":"Listening on port 3000...","level":"info"}
{"level":"error","message":"Could not get the genres"}
{"level":"error","message":"Could not get the genres"}
{"message":"Listening on port 3000...","level":"info"}
{"message":"Listening on port 3000...","level":"info"}
{"level":"error","message":"Could not get the genres"}
{"level":"error","message":"Could not get the genres"}
{"message":"Listening on port 3000...","level":"info"}
{"message":"Listening on port 3000...","level":"info"}
{"level":"error","message":"Could not get the genres"}
{"level":"error","message":"Could not get the genres"}
{"message":"Listening on port 3000...","level":"info"}
{"message":"Listening on port 3000...","level":"info"}
{"message":"Listening on port 3000...","level":"info"}
{"message":"Listening on port 3000...","level":"info"}
{"message":"Listening on port 3000...","level":"info"}
{"message":"Listening on port 3000...","level":"info"}
{"level":"error","message":"Could not get the genres"}
{"level":"error","message":"Could not get the genres"}
{"message":"Listening on port 3000...","level":"info"}
{"message":"Listening on port 3000...","level":"info"}
{"level":"error","message":"Could not get the genres"}
{"level":"error","message":"Could not get the genres"}
{"message":"Listening on port 3000...","level":"info"}
{"message":"Listening on port 3000...","level":"info"}
{"level":"error","message":"Could not get the genres"}
{"level":"error","message":"Could not get the genres"}
{"level":"error","message":"Could not get the genres"}
{"level":"error","message":"Could not get the genres"}
{"level":"error","message":"Could not get the genres"}
{"level":"error","message":"Could not get the genres"}
{"level":"error","message":"Could not get the genres"}
{"level":"error","message":"Could not get the genres"}
{"level":"error","message":"Could not get the genres"}
{"level":"error","message":"Could not get the genres"}
{"message":"Listening on port 3000...","level":"info"}
{"message":"Listening on port 3000...","level":"info"}
{"level":"error","message":"Could not get the genres"}
{"level":"error","message":"Could not get the genres"}
{"level":"error","message":"Could not get the genres"}
{"level":"error","message":"Could not get the genres"}
{"message":"Listening on port 3000...","level":"info"}
{"message":"Listening on port 3000...","level":"info"}
{"message":"Listening on port 3000...","level":"info"}
{"message":"Listening on port 3000...","level":"info"}
{"message":"Listening on port 3000...","level":"info"}
{"message":"Listening on port 3000...","level":"info"}
{"message":"Listening on port 3000...","level":"info"}
{"message":"Listening on port 3000...","level":"info"}
{"message":"Listening on port 3000...","level":"info"}
{"message":"Listening on port 3000...","level":"info"}
{"message":"Listening on port 3000...","level":"info"}
{"message":"Listening on port 3000...","level":"info"}
{"message":"Listening on port 3000...","level":"info"}
{"message":"Listening on port 3000...","level":"info"}
{"message":"Listening on port 3000...","level":"info"}
{"message":"Listening on port 3000...","level":"info"}
{"message":"Listening on port 3000...","level":"info"}
{"message":"Listening on port 3000...","level":"info"}
{"message":"Listening on port 3000...","level":"info"}
{"message":"Listening on port 3000...","level":"info"}
{"message":"Listening on port 3000...","level":"info"}
{"message":"Listening on port 3000...","level":"info"}
{"message":"Listening on port 3000...","level":"info"}
{"message":"Listening on port 3000...","level":"info"}
{"message":"Listening on port 3000...","level":"info"}
{"message":"Listening on port 3000...","level":"info"}
{"message":"Listening on port 3000...","level":"info"}
{"message":"Listening on port 3000...","level":"info"}
{"message":"Listening on port 3000...","level":"info"}
{"message":"Listening on port 3000...","level":"info"}
{"message":"Listening on port 3000...","level":"info"}
{"message":"Listening on port 3000...","level":"info"}
{"message":"Listening on port 3000...","level":"info"}
{"message":"Listening on port 3000...","level":"info"}
{"message":"Listening on port 3000...","level":"info"}
{"message":"Listening on port 3000...","level":"info"}
{"message":"Listening on port 3000...","level":"info"}
{"message":"Listening on port 3000...","level":"info"}
{"message":"Listening on port 3000...","level":"info"}
{"message":"Listening on port 3000...","level":"info"}
{"message":"Listening on port 3000...","level":"info"}
{"message":"Listening on port 3000...","level":"info"}
{"message":"Listening on port 3000...","level":"info"}
{"message":"Listening on port 3000...","level":"info"}
{"message":"Listening on port 3000...","level":"info"}
{"message":"Listening on port 3000...","level":"info"}
{"message":"Listening on port 3000...","level":"info"}
{"message":"Listening on port 3000...","level":"info"}
{"level":"error","message":"ex is not defined"}
{"level":"error","message":"ex is not defined"}
{"message":"Cast to ObjectId failed for value \"1\" at path \"_id\" for model \"Genre\"","name":"CastError","stringValue":"\"1\"","kind":"ObjectId","value":"1","path":"_id","level":"error"}
{"message":"Cast to ObjectId failed for value \"1\" at path \"_id\" for model \"Genre\"","name":"CastError","stringValue":"\"1\"","kind":"ObjectId","value":"1","path":"_id","level":"error"}
{"message":"Listening on port 3000...","level":"info"}
{"message":"Listening on port 3000...","level":"info"}
{"level":"error","message":"ex is not defined"}
{"level":"error","message":"ex is not defined"}
{"message":"Cast to ObjectId failed for value \"1\" at path \"_id\" for model \"Genre\"","name":"CastError","stringValue":"\"1\"","kind":"ObjectId","value":"1","path":"_id","level":"error"}
{"message":"Cast to ObjectId failed for value \"1\" at path \"_id\" for model \"Genre\"","name":"CastError","stringValue":"\"1\"","kind":"ObjectId","value":"1","path":"_id","level":"error"}
{"message":"Listening on port 3000...","level":"info"}
{"message":"Listening on port 3000...","level":"info"}
{"level":"error","message":"ex is not defined"}
{"level":"error","message":"ex is not defined"}
{"message":"Listening on port 3000...","level":"info"}
{"message":"Listening on port 3000...","level":"info"}
{"level":"error","message":"ex is not defined"}
{"level":"error","message":"ex is not defined"}
{"message":"Listening on port 3000...","level":"info"}
{"message":"Listening on port 3000...","level":"info"}
{"level":"error","message":"ex is not defined"}
{"level":"error","message":"ex is not defined"}
{"message":"Cast to ObjectId failed for value \"1\" at path \"_id\" for model \"Genre\"","name":"CastError","stringValue":"\"1\"","kind":"ObjectId","value":"1","path":"_id","level":"error"}
{"message":"Cast to ObjectId failed for value \"1\" at path \"_id\" for model \"Genre\"","name":"CastError","stringValue":"\"1\"","kind":"ObjectId","value":"1","path":"_id","level":"error"}
{"message":"Listening on port 3000...","level":"info"}
{"message":"Listening on port 3000...","level":"info"}
{"level":"error","message":"ex is not defined"}
{"level":"error","message":"ex is not defined"}
{"message":"Cast to ObjectId failed for value \"1\" at path \"_id\" for model \"Genre\"","name":"CastError","stringValue":"\"1\"","kind":"ObjectId","value":"1","path":"_id","level":"error"}
{"message":"Cast to ObjectId failed for value \"1\" at path \"_id\" for model \"Genre\"","name":"CastError","stringValue":"\"1\"","kind":"ObjectId","value":"1","path":"_id","level":"error"}
{"message":"Listening on port 3000...","level":"info"}
{"message":"Listening on port 3000...","level":"info"}
{"level":"error","message":"ex is not defined"}
{"level":"error","message":"ex is not defined"}
{"message":"Cast to ObjectId failed for value \"1\" at path \"_id\" for model \"Genre\"","name":"CastError","stringValue":"\"1\"","kind":"ObjectId","value":"1","path":"_id","level":"error"}
{"message":"Cast to ObjectId failed for value \"1\" at path \"_id\" for model \"Genre\"","name":"CastError","stringValue":"\"1\"","kind":"ObjectId","value":"1","path":"_id","level":"error"}
{"message":"Listening on port 3000...","level":"info"}
{"message":"Listening on port 3000...","level":"info"}
{"level":"error","message":"ex is not defined"}
{"level":"error","message":"ex is not defined"}
{"message":"Cast to ObjectId failed for value \"1\" at path \"_id\" for model \"Genre\"","name":"CastError","stringValue":"\"1\"","kind":"ObjectId","value":"1","path":"_id","level":"error"}
{"message":"Cast to ObjectId failed for value \"1\" at path \"_id\" for model \"Genre\"","name":"CastError","stringValue":"\"1\"","kind":"ObjectId","value":"1","path":"_id","level":"error"}
{"message":"Listening on port 3000...","level":"info"}
{"message":"Listening on port 3000...","level":"info"}
{"level":"error","message":"ex is not defined"}
{"level":"error","message":"ex is not defined"}
{"message":"Cast to ObjectId failed for value \"1\" at path \"_id\" for model \"Genre\"","name":"CastError","stringValue":"\"1\"","kind":"ObjectId","value":"1","path":"_id","level":"error"}
{"message":"Cast to ObjectId failed for value \"1\" at path \"_id\" for model \"Genre\"","name":"CastError","stringValue":"\"1\"","kind":"ObjectId","value":"1","path":"_id","level":"error"}
{"message":"Listening on port 3000...","level":"info"}
{"message":"Listening on port 3000...","level":"info"}
{"level":"error","message":"ex is not defined"}
{"level":"error","message":"ex is not defined"}
{"message":"Listening on port 3000...","level":"info"}
{"message":"Listening on port 3000...","level":"info"}
{"level":"error","message":"ex is not defined"}
{"level":"error","message":"ex is not defined"}
{"message":"Listening on port 3000...","level":"info"}
{"message":"Listening on port 3000...","level":"info"}
{"level":"error","message":"ex is not defined"}
{"level":"error","message":"ex is not defined"}
{"message":"Listening on port 3000...","level":"info"}
{"message":"Listening on port 3000...","level":"info"}
{"level":"error","message":"ex is not defined"}
{"level":"error","message":"ex is not defined"}
{"message":"Listening on port 3000...","level":"info"}
{"message":"Listening on port 3000...","level":"info"}
{"level":"error","message":"ex is not defined"}
{"level":"error","message":"ex is not defined"}
{"message":"Listening on port 3000...","level":"info"}
{"message":"Listening on port 3000...","level":"info"}
{"level":"error","message":"ex is not defined"}
{"level":"error","message":"ex is not defined"}
{"message":"Listening on port 3000...","level":"info"}
{"message":"Listening on port 3000...","level":"info"}
{"level":"error","message":"ex is not defined"}
{"level":"error","message":"ex is not defined"}
{"message":"Listening on port 3000...","level":"info"}
{"message":"Listening on port 3000...","level":"info"}
{"level":"error","message":"ex is not defined"}
{"level":"error","message":"ex is not defined"}
{"message":"Listening on port 3000...","level":"info"}
{"message":"Listening on port 3000...","level":"info"}
{"level":"error","message":"ex is not defined"}
{"level":"error","message":"ex is not defined"}
{"message":"Listening on port 3000...","level":"info"}
{"message":"Listening on port 3000...","level":"info"}
{"level":"error","message":"ex is not defined"}
{"level":"error","message":"ex is not defined"}
{"message":"Listening on port 3000...","level":"info"}
{"message":"Listening on port 3000...","level":"info"}
{"level":"error","message":"ex is not defined"}
{"level":"error","message":"ex is not defined"}
{"message":"Listening on port 3000...","level":"info"}
{"message":"Listening on port 3000...","level":"info"}
{"level":"error","message":"ex is not defined"}
{"level":"error","message":"ex is not defined"}
{"message":"Listening on port 3000...","level":"info"}
{"message":"Listening on port 3000...","level":"info"}
{"level":"error","message":"ex is not defined"}
{"level":"error","message":"ex is not defined"}
{"message":"Listening on port 3000...","level":"info"}
{"message":"Listening on port 3000...","level":"info"}
{"level":"error","message":"ex is not defined"}
{"level":"error","message":"ex is not defined"}
{"message":"Listening on port 3000...","level":"info"}
{"message":"Listening on port 3000...","level":"info"}
{"level":"error","message":"ex is not defined"}
{"level":"error","message":"ex is not defined"}
{"message":"Listening on port 3000...","level":"info"}
{"message":"Listening on port 3000...","level":"info"}
{"level":"error","message":"ex is not defined"}
{"level":"error","message":"ex is not defined"}
{"message":"Listening on port 3000...","level":"info"}
{"message":"Listening on port 3000...","level":"info"}
{"level":"error","message":"ex is not defined"}
{"level":"error","message":"ex is not defined"}
{"message":"Listening on port 3000...","level":"info"}
{"message":"Listening on port 3000...","level":"info"}
{"level":"error","message":"ex is not defined"}
{"level":"error","message":"ex is not defined"}
{"message":"Listening on port 3000...","level":"info"}
{"message":"Listening on port 3000...","level":"info"}
{"level":"error","message":"ex is not defined"}
{"level":"error","message":"ex is not defined"}
{"message":"Listening on port 3000...","level":"info"}
{"message":"Listening on port 3000...","level":"info"}
{"level":"error","message":"ex is not defined"}
{"level":"error","message":"ex is not defined"}
{"message":"Listening on port 3000...","level":"info"}
{"message":"Listening on port 3000...","level":"info"}
{"level":"error","message":"ex is not defined"}
{"level":"error","message":"ex is not defined"}
{"message":"Listening on port 3000...","level":"info"}
{"message":"Listening on port 3000...","level":"info"}
{"level":"error","message":"ex is not defined"}
{"level":"error","message":"ex is not defined"}
{"message":"Listening on port 3000...","level":"info"}
{"message":"Listening on port 3000...","level":"info"}
{"level":"error","message":"ex is not defined"}
{"level":"error","message":"ex is not defined"}
{"message":"Listening on port 3000...","level":"info"}
{"message":"Listening on port 3000...","level":"info"}
{"level":"error","message":"ex is not defined"}
{"level":"error","message":"ex is not defined"}
{"message":"Listening on port 3000...","level":"info"}
{"message":"Listening on port 3000...","level":"info"}
{"level":"error","message":"ex is not defined"}
{"level":"error","message":"ex is not defined"}
{"message":"Listening on port 3000...","level":"info"}
{"message":"Listening on port 3000...","level":"info"}
{"level":"error","message":"ex is not defined"}
{"level":"error","message":"ex is not defined"}
{"message":"Listening on port 3000...","level":"info"}
{"message":"Listening on port 3000...","level":"info"}
{"level":"error","message":"ex is not defined"}
{"level":"error","message":"ex is not defined"}
{"message":"Listening on port 3000...","level":"info"}
{"message":"Listening on port 3000...","level":"info"}
{"level":"error","message":"ex is not defined"}
{"level":"error","message":"ex is not defined"}
{"message":"Listening on port 3000...","level":"info"}
{"message":"Listening on port 3000...","level":"info"}
{"level":"error","message":"ex is not defined"}
{"level":"error","message":"ex is not defined"}
